{"C:\\Users\\Harsh\\Desktop\\New folder\\node_backend\\config\\db.js": {"path":"C:\\Users\\Harsh\\Desktop\\New folder\\node_backend\\config\\db.js","statementMap":{"0":{"start":{"line":1,"column":17},"end":{"line":1,"column":36}},"1":{"start":{"line":2,"column":0},"end":{"line":2,"column":27}},"2":{"start":{"line":4,"column":18},"end":{"line":15,"column":1}},"3":{"start":{"line":5,"column":2},"end":{"line":14,"column":3}},"4":{"start":{"line":6,"column":4},"end":{"line":9,"column":7}},"5":{"start":{"line":10,"column":4},"end":{"line":10,"column":40}},"6":{"start":{"line":12,"column":4},"end":{"line":12,"column":31}},"7":{"start":{"line":13,"column":4},"end":{"line":13,"column":20}},"8":{"start":{"line":17,"column":0},"end":{"line":17,"column":27}}},"fnMap":{"0":{"name":"(anonymous_0)","decl":{"start":{"line":4,"column":18},"end":{"line":4,"column":19}},"loc":{"start":{"line":4,"column":30},"end":{"line":15,"column":1}},"line":4}},"branchMap":{},"s":{"0":1,"1":1,"2":1,"3":1,"4":1,"5":1,"6":0,"7":0,"8":1},"f":{"0":1},"b":{},"_coverageSchema":"1a1c01bbd47fc00a2c39e90264f33305004495a9","hash":"819da4d7fbddf672006d106ab8708e9a5bbaf938"}
,"C:\\Users\\Harsh\\Desktop\\New folder\\node_backend\\controllers\\userController.js": {"path":"C:\\Users\\Harsh\\Desktop\\New folder\\node_backend\\controllers\\userController.js","statementMap":{"0":{"start":{"line":1,"column":20},"end":{"line":1,"column":54}},"1":{"start":{"line":2,"column":33},"end":{"line":2,"column":59}},"2":{"start":{"line":4,"column":20},"end":{"line":11,"column":1}},"3":{"start":{"line":5,"column":2},"end":{"line":10,"column":3}},"4":{"start":{"line":6,"column":18},"end":{"line":6,"column":49}},"5":{"start":{"line":7,"column":4},"end":{"line":7,"column":20}},"6":{"start":{"line":9,"column":4},"end":{"line":9,"column":47}},"7":{"start":{"line":13,"column":20},"end":{"line":25,"column":1}},"8":{"start":{"line":14,"column":21},"end":{"line":14,"column":31}},"9":{"start":{"line":15,"column":20},"end":{"line":15,"column":49}},"10":{"start":{"line":16,"column":2},"end":{"line":16,"column":76}},"11":{"start":{"line":16,"column":13},"end":{"line":16,"column":76}},"12":{"start":{"line":18,"column":2},"end":{"line":24,"column":3}},"13":{"start":{"line":19,"column":17},"end":{"line":19,"column":54}},"14":{"start":{"line":20,"column":4},"end":{"line":20,"column":70}},"15":{"start":{"line":20,"column":15},"end":{"line":20,"column":70}},"16":{"start":{"line":21,"column":4},"end":{"line":21,"column":19}},"17":{"start":{"line":23,"column":4},"end":{"line":23,"column":47}},"18":{"start":{"line":27,"column":19},"end":{"line":37,"column":1}},"19":{"start":{"line":28,"column":20},"end":{"line":28,"column":49}},"20":{"start":{"line":29,"column":2},"end":{"line":29,"column":76}},"21":{"start":{"line":29,"column":13},"end":{"line":29,"column":76}},"22":{"start":{"line":31,"column":2},"end":{"line":36,"column":3}},"23":{"start":{"line":32,"column":17},"end":{"line":32,"column":55}},"24":{"start":{"line":33,"column":4},"end":{"line":33,"column":31}},"25":{"start":{"line":35,"column":4},"end":{"line":35,"column":47}},"26":{"start":{"line":39,"column":19},"end":{"line":54,"column":1}},"27":{"start":{"line":40,"column":21},"end":{"line":40,"column":31}},"28":{"start":{"line":41,"column":29},"end":{"line":41,"column":58}},"29":{"start":{"line":42,"column":2},"end":{"line":42,"column":80}},"30":{"start":{"line":42,"column":15},"end":{"line":42,"column":80}},"31":{"start":{"line":44,"column":20},"end":{"line":44,"column":49}},"32":{"start":{"line":45,"column":2},"end":{"line":45,"column":76}},"33":{"start":{"line":45,"column":13},"end":{"line":45,"column":76}},"34":{"start":{"line":47,"column":2},"end":{"line":53,"column":3}},"35":{"start":{"line":48,"column":17},"end":{"line":48,"column":63}},"36":{"start":{"line":49,"column":4},"end":{"line":49,"column":70}},"37":{"start":{"line":49,"column":15},"end":{"line":49,"column":70}},"38":{"start":{"line":50,"column":4},"end":{"line":50,"column":19}},"39":{"start":{"line":52,"column":4},"end":{"line":52,"column":47}},"40":{"start":{"line":56,"column":19},"end":{"line":68,"column":1}},"41":{"start":{"line":57,"column":21},"end":{"line":57,"column":31}},"42":{"start":{"line":58,"column":20},"end":{"line":58,"column":49}},"43":{"start":{"line":59,"column":2},"end":{"line":59,"column":76}},"44":{"start":{"line":59,"column":13},"end":{"line":59,"column":76}},"45":{"start":{"line":61,"column":2},"end":{"line":67,"column":3}},"46":{"start":{"line":62,"column":17},"end":{"line":62,"column":53}},"47":{"start":{"line":63,"column":4},"end":{"line":63,"column":70}},"48":{"start":{"line":63,"column":15},"end":{"line":63,"column":70}},"49":{"start":{"line":64,"column":4},"end":{"line":64,"column":38}},"50":{"start":{"line":66,"column":4},"end":{"line":66,"column":47}},"51":{"start":{"line":70,"column":0},"end":{"line":76,"column":2}}},"fnMap":{"0":{"name":"(anonymous_0)","decl":{"start":{"line":4,"column":20},"end":{"line":4,"column":21}},"loc":{"start":{"line":4,"column":40},"end":{"line":11,"column":1}},"line":4},"1":{"name":"(anonymous_1)","decl":{"start":{"line":13,"column":20},"end":{"line":13,"column":21}},"loc":{"start":{"line":13,"column":40},"end":{"line":25,"column":1}},"line":13},"2":{"name":"(anonymous_2)","decl":{"start":{"line":27,"column":19},"end":{"line":27,"column":20}},"loc":{"start":{"line":27,"column":39},"end":{"line":37,"column":1}},"line":27},"3":{"name":"(anonymous_3)","decl":{"start":{"line":39,"column":19},"end":{"line":39,"column":20}},"loc":{"start":{"line":39,"column":39},"end":{"line":54,"column":1}},"line":39},"4":{"name":"(anonymous_4)","decl":{"start":{"line":56,"column":19},"end":{"line":56,"column":20}},"loc":{"start":{"line":56,"column":39},"end":{"line":68,"column":1}},"line":56}},"branchMap":{"0":{"loc":{"start":{"line":16,"column":2},"end":{"line":16,"column":76}},"type":"if","locations":[{"start":{"line":16,"column":2},"end":{"line":16,"column":76}},{"start":{},"end":{}}],"line":16},"1":{"loc":{"start":{"line":20,"column":4},"end":{"line":20,"column":70}},"type":"if","locations":[{"start":{"line":20,"column":4},"end":{"line":20,"column":70}},{"start":{},"end":{}}],"line":20},"2":{"loc":{"start":{"line":29,"column":2},"end":{"line":29,"column":76}},"type":"if","locations":[{"start":{"line":29,"column":2},"end":{"line":29,"column":76}},{"start":{},"end":{}}],"line":29},"3":{"loc":{"start":{"line":42,"column":2},"end":{"line":42,"column":80}},"type":"if","locations":[{"start":{"line":42,"column":2},"end":{"line":42,"column":80}},{"start":{},"end":{}}],"line":42},"4":{"loc":{"start":{"line":45,"column":2},"end":{"line":45,"column":76}},"type":"if","locations":[{"start":{"line":45,"column":2},"end":{"line":45,"column":76}},{"start":{},"end":{}}],"line":45},"5":{"loc":{"start":{"line":49,"column":4},"end":{"line":49,"column":70}},"type":"if","locations":[{"start":{"line":49,"column":4},"end":{"line":49,"column":70}},{"start":{},"end":{}}],"line":49},"6":{"loc":{"start":{"line":59,"column":2},"end":{"line":59,"column":76}},"type":"if","locations":[{"start":{"line":59,"column":2},"end":{"line":59,"column":76}},{"start":{},"end":{}}],"line":59},"7":{"loc":{"start":{"line":63,"column":4},"end":{"line":63,"column":70}},"type":"if","locations":[{"start":{"line":63,"column":4},"end":{"line":63,"column":70}},{"start":{},"end":{}}],"line":63}},"s":{"0":1,"1":1,"2":1,"3":1,"4":1,"5":1,"6":0,"7":1,"8":0,"9":0,"10":0,"11":0,"12":0,"13":0,"14":0,"15":0,"16":0,"17":0,"18":1,"19":0,"20":0,"21":0,"22":0,"23":0,"24":0,"25":0,"26":1,"27":0,"28":0,"29":0,"30":0,"31":0,"32":0,"33":0,"34":0,"35":0,"36":0,"37":0,"38":0,"39":0,"40":1,"41":0,"42":0,"43":0,"44":0,"45":0,"46":0,"47":0,"48":0,"49":0,"50":0,"51":1},"f":{"0":1,"1":0,"2":0,"3":0,"4":0},"b":{"0":[0,0],"1":[0,0],"2":[0,0],"3":[0,0],"4":[0,0],"5":[0,0],"6":[0,0],"7":[0,0]},"_coverageSchema":"1a1c01bbd47fc00a2c39e90264f33305004495a9","hash":"2f1947614eac415430e13e07cf424061392016d0"}
,"C:\\Users\\Harsh\\Desktop\\New folder\\node_backend\\daos\\userDao.js": {"path":"C:\\Users\\Harsh\\Desktop\\New folder\\node_backend\\daos\\userDao.js","statementMap":{"0":{"start":{"line":1,"column":13},"end":{"line":1,"column":43}},"1":{"start":{"line":3,"column":21},"end":{"line":3,"column":58}},"2":{"start":{"line":3,"column":27},"end":{"line":3,"column":58}},"3":{"start":{"line":5,"column":21},"end":{"line":5,"column":54}},"4":{"start":{"line":5,"column":33},"end":{"line":5,"column":54}},"5":{"start":{"line":7,"column":19},"end":{"line":7,"column":54}},"6":{"start":{"line":7,"column":33},"end":{"line":7,"column":54}},"7":{"start":{"line":9,"column":19},"end":{"line":9,"column":96}},"8":{"start":{"line":9,"column":41},"end":{"line":9,"column":96}},"9":{"start":{"line":11,"column":19},"end":{"line":11,"column":82}},"10":{"start":{"line":11,"column":31},"end":{"line":11,"column":82}},"11":{"start":{"line":13,"column":0},"end":{"line":19,"column":2}}},"fnMap":{"0":{"name":"(anonymous_0)","decl":{"start":{"line":3,"column":21},"end":{"line":3,"column":22}},"loc":{"start":{"line":3,"column":27},"end":{"line":3,"column":58}},"line":3},"1":{"name":"(anonymous_1)","decl":{"start":{"line":5,"column":21},"end":{"line":5,"column":22}},"loc":{"start":{"line":5,"column":33},"end":{"line":5,"column":54}},"line":5},"2":{"name":"(anonymous_2)","decl":{"start":{"line":7,"column":19},"end":{"line":7,"column":20}},"loc":{"start":{"line":7,"column":33},"end":{"line":7,"column":54}},"line":7},"3":{"name":"(anonymous_3)","decl":{"start":{"line":9,"column":19},"end":{"line":9,"column":20}},"loc":{"start":{"line":9,"column":41},"end":{"line":9,"column":96}},"line":9},"4":{"name":"(anonymous_4)","decl":{"start":{"line":11,"column":19},"end":{"line":11,"column":20}},"loc":{"start":{"line":11,"column":31},"end":{"line":11,"column":82}},"line":11}},"branchMap":{},"s":{"0":1,"1":1,"2":1,"3":1,"4":0,"5":1,"6":0,"7":1,"8":0,"9":1,"10":0,"11":1},"f":{"0":1,"1":0,"2":0,"3":0,"4":0},"b":{},"_coverageSchema":"1a1c01bbd47fc00a2c39e90264f33305004495a9","hash":"fd357327472a7043bf7861c1f41bebcbe6821c73"}
,"C:\\Users\\Harsh\\Desktop\\New folder\\node_backend\\dtos\\userDto.js": {"path":"C:\\Users\\Harsh\\Desktop\\New folder\\node_backend\\dtos\\userDto.js","statementMap":{"0":{"start":{"line":1,"column":12},"end":{"line":1,"column":26}},"1":{"start":{"line":3,"column":19},"end":{"line":9,"column":2}},"2":{"start":{"line":11,"column":17},"end":{"line":13,"column":2}},"3":{"start":{"line":15,"column":0},"end":{"line":18,"column":2}}},"fnMap":{},"branchMap":{},"s":{"0":1,"1":1,"2":1,"3":1},"f":{},"b":{},"_coverageSchema":"1a1c01bbd47fc00a2c39e90264f33305004495a9","hash":"bd874339b31ce23230095582d8322d430734200a"}
,"C:\\Users\\Harsh\\Desktop\\New folder\\node_backend\\middleware\\auth.js": {"path":"C:\\Users\\Harsh\\Desktop\\New folder\\node_backend\\middleware\\auth.js","statementMap":{"0":{"start":{"line":1,"column":12},"end":{"line":1,"column":35}},"1":{"start":{"line":2,"column":0},"end":{"line":2,"column":27}},"2":{"start":{"line":4,"column":21},"end":{"line":16,"column":1}},"3":{"start":{"line":5,"column":16},"end":{"line":5,"column":43}},"4":{"start":{"line":6,"column":2},"end":{"line":8,"column":3}},"5":{"start":{"line":7,"column":4},"end":{"line":7,"column":75}},"6":{"start":{"line":9,"column":2},"end":{"line":15,"column":3}},"7":{"start":{"line":10,"column":20},"end":{"line":10,"column":61}},"8":{"start":{"line":11,"column":4},"end":{"line":11,"column":28}},"9":{"start":{"line":12,"column":4},"end":{"line":12,"column":11}},"10":{"start":{"line":14,"column":4},"end":{"line":14,"column":56}},"11":{"start":{"line":18,"column":0},"end":{"line":18,"column":30}}},"fnMap":{"0":{"name":"(anonymous_0)","decl":{"start":{"line":4,"column":21},"end":{"line":4,"column":22}},"loc":{"start":{"line":4,"column":41},"end":{"line":16,"column":1}},"line":4}},"branchMap":{"0":{"loc":{"start":{"line":6,"column":2},"end":{"line":8,"column":3}},"type":"if","locations":[{"start":{"line":6,"column":2},"end":{"line":8,"column":3}},{"start":{},"end":{}}],"line":6}},"s":{"0":1,"1":1,"2":1,"3":0,"4":0,"5":0,"6":0,"7":0,"8":0,"9":0,"10":0,"11":1},"f":{"0":0},"b":{"0":[0,0]},"_coverageSchema":"1a1c01bbd47fc00a2c39e90264f33305004495a9","hash":"8175c1ffc0ac2dffc5705e1366df94e44b977738"}
,"C:\\Users\\Harsh\\Desktop\\New folder\\node_backend\\middleware\\validate.js": {"path":"C:\\Users\\Harsh\\Desktop\\New folder\\node_backend\\middleware\\validate.js","statementMap":{"0":{"start":{"line":1,"column":17},"end":{"line":7,"column":3}},"1":{"start":{"line":1,"column":29},"end":{"line":7,"column":3}},"2":{"start":{"line":2,"column":22},"end":{"line":2,"column":47}},"3":{"start":{"line":3,"column":4},"end":{"line":5,"column":5}},"4":{"start":{"line":4,"column":6},"end":{"line":4,"column":69}},"5":{"start":{"line":6,"column":4},"end":{"line":6,"column":11}},"6":{"start":{"line":9,"column":2},"end":{"line":9,"column":28}}},"fnMap":{"0":{"name":"(anonymous_0)","decl":{"start":{"line":1,"column":17},"end":{"line":1,"column":18}},"loc":{"start":{"line":1,"column":29},"end":{"line":7,"column":3}},"line":1},"1":{"name":"(anonymous_1)","decl":{"start":{"line":1,"column":29},"end":{"line":1,"column":30}},"loc":{"start":{"line":1,"column":49},"end":{"line":7,"column":3}},"line":1}},"branchMap":{"0":{"loc":{"start":{"line":3,"column":4},"end":{"line":5,"column":5}},"type":"if","locations":[{"start":{"line":3,"column":4},"end":{"line":5,"column":5}},{"start":{},"end":{}}],"line":3}},"s":{"0":1,"1":3,"2":0,"3":0,"4":0,"5":0,"6":1},"f":{"0":3,"1":0},"b":{"0":[0,0]},"_coverageSchema":"1a1c01bbd47fc00a2c39e90264f33305004495a9","hash":"b4c265b23baf8ea357b14a97d1358db8c37a353b"}
,"C:\\Users\\Harsh\\Desktop\\New folder\\node_backend\\models\\userModel.js": {"path":"C:\\Users\\Harsh\\Desktop\\New folder\\node_backend\\models\\userModel.js","statementMap":{"0":{"start":{"line":1,"column":17},"end":{"line":1,"column":36}},"1":{"start":{"line":3,"column":19},"end":{"line":29,"column":24}},"2":{"start":{"line":31,"column":0},"end":{"line":31,"column":52}}},"fnMap":{},"branchMap":{},"s":{"0":1,"1":1,"2":1},"f":{},"b":{},"_coverageSchema":"1a1c01bbd47fc00a2c39e90264f33305004495a9","hash":"08fb254c7b43dbaead87ccab4fadd8cade903877"}
,"C:\\Users\\Harsh\\Desktop\\New folder\\node_backend\\routes\\userRoutes.js": {"path":"C:\\Users\\Harsh\\Desktop\\New folder\\node_backend\\routes\\userRoutes.js","statementMap":{"0":{"start":{"line":1,"column":16},"end":{"line":1,"column":34}},"1":{"start":{"line":2,"column":73},"end":{"line":2,"column":113}},"2":{"start":{"line":3,"column":21},"end":{"line":3,"column":50}},"3":{"start":{"line":4,"column":17},"end":{"line":4,"column":50}},"4":{"start":{"line":5,"column":33},"end":{"line":5,"column":59}},"5":{"start":{"line":7,"column":15},"end":{"line":7,"column":31}},"6":{"start":{"line":9,"column":0},"end":{"line":9,"column":39}},"7":{"start":{"line":10,"column":0},"end":{"line":10,"column":47}},"8":{"start":{"line":11,"column":0},"end":{"line":11,"column":61}},"9":{"start":{"line":12,"column":0},"end":{"line":12,"column":82}},"10":{"start":{"line":13,"column":0},"end":{"line":13,"column":84}},"11":{"start":{"line":14,"column":0},"end":{"line":14,"column":63}},"12":{"start":{"line":16,"column":0},"end":{"line":16,"column":24}}},"fnMap":{},"branchMap":{},"s":{"0":1,"1":1,"2":1,"3":1,"4":1,"5":1,"6":1,"7":1,"8":1,"9":1,"10":1,"11":1,"12":1},"f":{},"b":{},"_coverageSchema":"1a1c01bbd47fc00a2c39e90264f33305004495a9","hash":"9fbd2b6695ce7b24fd2a9a5fba62a286599db1f3"}
,"C:\\Users\\Harsh\\Desktop\\New folder\\node_backend\\services\\userService.js": {"path":"C:\\Users\\Harsh\\Desktop\\New folder\\node_backend\\services\\userService.js","statementMap":{"0":{"start":{"line":1,"column":16},"end":{"line":1,"column":42}},"1":{"start":{"line":3,"column":20},"end":{"line":3,"column":54}},"2":{"start":{"line":3,"column":32},"end":{"line":3,"column":54}},"3":{"start":{"line":5,"column":20},"end":{"line":5,"column":66}},"4":{"start":{"line":5,"column":38},"end":{"line":5,"column":66}},"5":{"start":{"line":7,"column":19},"end":{"line":7,"column":67}},"6":{"start":{"line":7,"column":39},"end":{"line":7,"column":67}},"7":{"start":{"line":9,"column":19},"end":{"line":9,"column":83}},"8":{"start":{"line":9,"column":47},"end":{"line":9,"column":83}},"9":{"start":{"line":11,"column":19},"end":{"line":11,"column":63}},"10":{"start":{"line":11,"column":37},"end":{"line":11,"column":63}},"11":{"start":{"line":13,"column":0},"end":{"line":19,"column":2}}},"fnMap":{"0":{"name":"(anonymous_0)","decl":{"start":{"line":3,"column":20},"end":{"line":3,"column":21}},"loc":{"start":{"line":3,"column":32},"end":{"line":3,"column":54}},"line":3},"1":{"name":"(anonymous_1)","decl":{"start":{"line":5,"column":20},"end":{"line":5,"column":21}},"loc":{"start":{"line":5,"column":38},"end":{"line":5,"column":66}},"line":5},"2":{"name":"(anonymous_2)","decl":{"start":{"line":7,"column":19},"end":{"line":7,"column":20}},"loc":{"start":{"line":7,"column":39},"end":{"line":7,"column":67}},"line":7},"3":{"name":"(anonymous_3)","decl":{"start":{"line":9,"column":19},"end":{"line":9,"column":20}},"loc":{"start":{"line":9,"column":47},"end":{"line":9,"column":83}},"line":9},"4":{"name":"(anonymous_4)","decl":{"start":{"line":11,"column":19},"end":{"line":11,"column":20}},"loc":{"start":{"line":11,"column":37},"end":{"line":11,"column":63}},"line":11}},"branchMap":{},"s":{"0":1,"1":1,"2":1,"3":1,"4":0,"5":1,"6":0,"7":1,"8":0,"9":1,"10":0,"11":1},"f":{"0":1,"1":0,"2":0,"3":0,"4":0},"b":{},"_coverageSchema":"1a1c01bbd47fc00a2c39e90264f33305004495a9","hash":"6802a66a0ec98330a0e218948707646ac2df9dd8"}
}
